5e_CAT-master/5eTurnTracker/app/build/intermediates/manifest_merge_blame_file/debug/manifest-merger-blame-debug-report.txt
1<?xml version="1.0" encoding="utf-8"?>
2<manifest xmlns:android="http://schemas.android.com/apk/res/android"
3    package="com.example.a5eturntracker"
4    android:versionCode="1"
5    android:versionName="1.0" >
6
7    <uses-sdk
8        android:minSdkVersion="15"
8-->src\main\AndroidManifest.xml
9        android:targetSdkVersion="28" />
9-->src\main\AndroidManifest.xml
10
11    <application
11-->src\main\AndroidManifest.xml:5:5-35:19
12        android:allowBackup="true"
12-->src\main\AndroidManifest.xml:6:9-35
13        android:appComponentFactory="androidx.core.app.CoreComponentFactory"
13-->[androidx.core:core:1.0.1] AndroidManifest.xml:22:18-86
14        android:debuggable="true"
15        android:icon="@mipmap/ic_launcher"
15-->src\main\AndroidManifest.xml:7:9-43
16        android:label="@string/app_name"
16-->src\main\AndroidManifest.xml:8:9-41
17        android:roundIcon="@mipmap/ic_launcher_round"
17-->src\main\AndroidManifest.xml:9:9-54
18        android:supportsRtl="true"
18-->src\main\AndroidManifest.xml:10:9-35
19        android:theme="@style/AppTheme" >
19-->src\main\AndroidManifest.xml:11:9-40
20        <activity android:name="com.example.a5eturntracker.WizardSubclass" />
20-->src\main\AndroidManifest.xml:12:9-61
20-->src\main\AndroidManifest.xml:12:19-49
21        <activity android:name="com.example.a5eturntracker.WarlockSubclass" />
21-->src\main\AndroidManifest.xml:13:9-53
21-->src\main\AndroidManifest.xml:13:19-50
22        <activity android:name="com.example.a5eturntracker.SorcererSubclass" />
22-->src\main\AndroidManifest.xml:14:9-54
22-->src\main\AndroidManifest.xml:14:19-51
23        <activity android:name="com.example.a5eturntracker.RogueSubclass" />
23-->src\main\AndroidManifest.xml:15:9-51
23-->src\main\AndroidManifest.xml:15:19-48
24        <activity android:name="com.example.a5eturntracker.RangerSubclass" />
24-->src\main\AndroidManifest.xml:16:9-52
24-->src\main\AndroidManifest.xml:16:19-49
25        <activity android:name="com.example.a5eturntracker.PaladinSubclass" />
25-->src\main\AndroidManifest.xml:17:9-53
25-->src\main\AndroidManifest.xml:17:19-50
26        <activity android:name="com.example.a5eturntracker.MonkSubclass" />
26-->src\main\AndroidManifest.xml:18:9-50
26-->src\main\AndroidManifest.xml:18:19-47
27        <activity android:name="com.example.a5eturntracker.FighterSubclass" />
27-->src\main\AndroidManifest.xml:19:9-53
27-->src\main\AndroidManifest.xml:19:19-50
28        <activity android:name="com.example.a5eturntracker.DruidSubclass" />
28-->src\main\AndroidManifest.xml:20:9-51
28-->src\main\AndroidManifest.xml:20:19-48
29        <activity android:name="com.example.a5eturntracker.ClericSubclass" />
29-->src\main\AndroidManifest.xml:21:9-52
29-->src\main\AndroidManifest.xml:21:19-49
30        <activity android:name="com.example.a5eturntracker.BardSubclass" />
30-->src\main\AndroidManifest.xml:22:9-50
30-->src\main\AndroidManifest.xml:22:19-47
31        <activity android:name="com.example.a5eturntracker.BarbarianSubclass" />
31-->src\main\AndroidManifest.xml:23:9-55
31-->src\main\AndroidManifest.xml:23:19-52
32        <activity android:name="com.example.a5eturntracker.SpellSelect" />
32-->src\main\AndroidManifest.xml:24:9-49
32-->src\main\AndroidManifest.xml:24:19-46
33        <activity android:name="com.example.a5eturntracker.FeatSelect" />
33-->src\main\AndroidManifest.xml:25:9-48
33-->src\main\AndroidManifest.xml:25:19-45
34        <activity android:name="com.example.a5eturntracker.MainActivity" />
34-->src\main\AndroidManifest.xml:26:9-50
34-->src\main\AndroidManifest.xml:26:19-47
35        <activity android:name="com.example.a5eturntracker.SubclassSelect" />
35-->src\main\AndroidManifest.xml:27:9-52
35-->src\main\AndroidManifest.xml:27:19-49
36        <activity android:name="com.example.a5eturntracker.raceSelect" >
36-->src\main\AndroidManifest.xml:28:9-34:20
36-->src\main\AndroidManifest.xml:28:19-45
37            <intent-filter>
37-->src\main\AndroidManifest.xml:29:13-33:29
38                <action android:name="android.intent.action.MAIN" />
38-->src\main\AndroidManifest.xml:30:17-69
38-->src\main\AndroidManifest.xml:30:25-66
39
40                <category android:name="android.intent.category.LAUNCHER" />
40-->src\main\AndroidManifest.xml:32:17-77
40-->src\main\AndroidManifest.xml:32:27-74
41            </intent-filter>
42        </activity>
43    </application>
44
45</manifest>